web_log.py[LINE:211]# INFO     [2024-09-06 00:53:03,207]  127.0.0.1 [05/Sep/2024:23:53:03 -0800] "GET / HTTP/1.1" 200 3978 "-" "Mozilla/5.0 (X11; Ubuntu; Linux x86_64; rv:130.0) Gecko/20100101 Firefox/130.0"
server.py[LINE:40]# INFO     [2024-09-06 00:53:06,341]  Sending archive chunk 7kna
server.py[LINE:40]# INFO     [2024-09-06 00:53:06,342]  Sending archive chunk 7kna
server.py[LINE:40]# INFO     [2024-09-06 00:53:06,342]  Sending archive chunk 7kna
server.py[LINE:40]# INFO     [2024-09-06 00:53:06,344]  Sending archive chunk 7kna
server.py[LINE:40]# INFO     [2024-09-06 00:53:06,346]  Sending archive chunk 7kna
server.py[LINE:40]# INFO     [2024-09-06 00:53:06,347]  Sending archive chunk 7kna
server.py[LINE:40]# INFO     [2024-09-06 00:53:06,349]  Sending archive chunk 7kna
server.py[LINE:40]# INFO     [2024-09-06 00:53:06,349]  Sending archive chunk 7kna
server.py[LINE:40]# INFO     [2024-09-06 00:53:06,350]  Sending archive chunk 7kna
server.py[LINE:40]# INFO     [2024-09-06 00:53:06,353]  Sending archive chunk 7kna
server.py[LINE:40]# INFO     [2024-09-06 00:53:06,355]  Sending archive chunk 7kna
server.py[LINE:40]# INFO     [2024-09-06 00:53:06,356]  Sending archive chunk 7kna
server.py[LINE:40]# INFO     [2024-09-06 00:53:06,359]  Sending archive chunk 7kna
server.py[LINE:40]# INFO     [2024-09-06 00:53:06,361]  Sending archive chunk 7kna
server.py[LINE:40]# INFO     [2024-09-06 00:53:06,363]  Sending archive chunk 7kna
server.py[LINE:40]# INFO     [2024-09-06 00:53:06,365]  Sending archive chunk 7kna
server.py[LINE:40]# INFO     [2024-09-06 00:53:06,366]  Sending archive chunk 7kna
server.py[LINE:40]# INFO     [2024-09-06 00:53:06,368]  Sending archive chunk 7kna
server.py[LINE:40]# INFO     [2024-09-06 00:53:06,372]  Sending archive chunk 7kna
server.py[LINE:40]# INFO     [2024-09-06 00:53:06,373]  Sending archive chunk 7kna
server.py[LINE:40]# INFO     [2024-09-06 00:53:06,375]  Sending archive chunk 7kna
server.py[LINE:40]# INFO     [2024-09-06 00:53:06,376]  Sending archive chunk 7kna
server.py[LINE:40]# INFO     [2024-09-06 00:53:06,377]  Sending archive chunk 7kna
server.py[LINE:40]# INFO     [2024-09-06 00:53:06,380]  Sending archive chunk 7kna
server.py[LINE:40]# INFO     [2024-09-06 00:53:06,381]  Sending archive chunk 7kna
server.py[LINE:40]# INFO     [2024-09-06 00:53:06,382]  Sending archive chunk 7kna
server.py[LINE:40]# INFO     [2024-09-06 00:53:06,384]  Sending archive chunk 7kna
server.py[LINE:40]# INFO     [2024-09-06 00:53:06,384]  Sending archive chunk 7kna
server.py[LINE:40]# INFO     [2024-09-06 00:53:06,386]  Sending archive chunk 7kna
server.py[LINE:40]# INFO     [2024-09-06 00:53:06,387]  Sending archive chunk 7kna
server.py[LINE:40]# INFO     [2024-09-06 00:53:06,389]  Sending archive chunk 7kna
server.py[LINE:40]# INFO     [2024-09-06 00:53:06,390]  Sending archive chunk 7kna
server.py[LINE:40]# INFO     [2024-09-06 00:53:06,394]  Sending archive chunk 7kna
server.py[LINE:40]# INFO     [2024-09-06 00:53:06,395]  Sending archive chunk 7kna
server.py[LINE:40]# INFO     [2024-09-06 00:53:06,397]  Sending archive chunk 7kna
server.py[LINE:40]# INFO     [2024-09-06 00:53:06,399]  Sending archive chunk 7kna
server.py[LINE:40]# INFO     [2024-09-06 00:53:06,400]  Sending archive chunk 7kna
server.py[LINE:40]# INFO     [2024-09-06 00:53:06,401]  Sending archive chunk 7kna
server.py[LINE:40]# INFO     [2024-09-06 00:53:06,403]  Sending archive chunk 7kna
server.py[LINE:40]# INFO     [2024-09-06 00:53:06,404]  Sending archive chunk 7kna
server.py[LINE:40]# INFO     [2024-09-06 00:53:06,407]  Sending archive chunk 7kna
server.py[LINE:40]# INFO     [2024-09-06 00:53:06,408]  Sending archive chunk 7kna
server.py[LINE:40]# INFO     [2024-09-06 00:53:06,410]  Sending archive chunk 7kna
server.py[LINE:40]# INFO     [2024-09-06 00:53:06,410]  Sending archive chunk 7kna
server.py[LINE:40]# INFO     [2024-09-06 00:53:06,413]  Sending archive chunk 7kna
server.py[LINE:40]# INFO     [2024-09-06 00:53:06,413]  Sending archive chunk 7kna
server.py[LINE:40]# INFO     [2024-09-06 00:53:06,415]  Sending archive chunk 7kna
server.py[LINE:40]# INFO     [2024-09-06 00:53:06,416]  Sending archive chunk 7kna
server.py[LINE:40]# INFO     [2024-09-06 00:53:06,417]  Sending archive chunk 7kna
server.py[LINE:40]# INFO     [2024-09-06 00:53:06,418]  Sending archive chunk 7kna
web_log.py[LINE:211]# INFO     [2024-09-06 00:53:06,420]  127.0.0.1 [05/Sep/2024:23:53:06 -0800] "GET /archive/7kna/ HTTP/1.1" 200 1130992 "http://127.0.0.1:8080/" "Mozilla/5.0 (X11; Ubuntu; Linux x86_64; rv:130.0) Gecko/20100101 Firefox/130.0"
server.py[LINE:40]# INFO     [2024-09-06 00:53:08,993]  Sending archive chunk rur2
server.py[LINE:40]# INFO     [2024-09-06 00:53:08,994]  Sending archive chunk rur2
server.py[LINE:40]# INFO     [2024-09-06 00:53:08,996]  Sending archive chunk rur2
server.py[LINE:40]# INFO     [2024-09-06 00:53:08,997]  Sending archive chunk rur2
server.py[LINE:40]# INFO     [2024-09-06 00:53:08,999]  Sending archive chunk rur2
server.py[LINE:40]# INFO     [2024-09-06 00:53:09,000]  Sending archive chunk rur2
server.py[LINE:40]# INFO     [2024-09-06 00:53:09,002]  Sending archive chunk rur2
server.py[LINE:40]# INFO     [2024-09-06 00:53:09,004]  Sending archive chunk rur2
server.py[LINE:40]# INFO     [2024-09-06 00:53:09,004]  Sending archive chunk rur2
server.py[LINE:40]# INFO     [2024-09-06 00:53:09,007]  Sending archive chunk rur2
server.py[LINE:40]# INFO     [2024-09-06 00:53:09,008]  Sending archive chunk rur2
server.py[LINE:40]# INFO     [2024-09-06 00:53:09,010]  Sending archive chunk rur2
server.py[LINE:40]# INFO     [2024-09-06 00:53:09,011]  Sending archive chunk rur2
server.py[LINE:40]# INFO     [2024-09-06 00:53:09,012]  Sending archive chunk rur2
server.py[LINE:40]# INFO     [2024-09-06 00:53:09,014]  Sending archive chunk rur2
server.py[LINE:40]# INFO     [2024-09-06 00:53:09,014]  Sending archive chunk rur2
server.py[LINE:40]# INFO     [2024-09-06 00:53:09,017]  Sending archive chunk rur2
server.py[LINE:40]# INFO     [2024-09-06 00:53:09,018]  Sending archive chunk rur2
server.py[LINE:40]# INFO     [2024-09-06 00:53:09,021]  Sending archive chunk rur2
server.py[LINE:40]# INFO     [2024-09-06 00:53:09,022]  Sending archive chunk rur2
server.py[LINE:40]# INFO     [2024-09-06 00:53:09,024]  Sending archive chunk rur2
server.py[LINE:40]# INFO     [2024-09-06 00:53:09,026]  Sending archive chunk rur2
server.py[LINE:40]# INFO     [2024-09-06 00:53:09,027]  Sending archive chunk rur2
server.py[LINE:40]# INFO     [2024-09-06 00:53:09,027]  Sending archive chunk rur2
server.py[LINE:40]# INFO     [2024-09-06 00:53:09,029]  Sending archive chunk rur2
server.py[LINE:40]# INFO     [2024-09-06 00:53:09,031]  Sending archive chunk rur2
server.py[LINE:40]# INFO     [2024-09-06 00:53:09,033]  Sending archive chunk rur2
server.py[LINE:40]# INFO     [2024-09-06 00:53:09,034]  Sending archive chunk rur2
server.py[LINE:40]# INFO     [2024-09-06 00:53:09,036]  Sending archive chunk rur2
server.py[LINE:40]# INFO     [2024-09-06 00:53:09,038]  Sending archive chunk rur2
server.py[LINE:40]# INFO     [2024-09-06 00:53:09,039]  Sending archive chunk rur2
server.py[LINE:40]# INFO     [2024-09-06 00:53:09,042]  Sending archive chunk rur2
server.py[LINE:40]# INFO     [2024-09-06 00:53:09,044]  Sending archive chunk rur2
server.py[LINE:40]# INFO     [2024-09-06 00:53:09,045]  Sending archive chunk rur2
server.py[LINE:40]# INFO     [2024-09-06 00:53:09,046]  Sending archive chunk rur2
server.py[LINE:40]# INFO     [2024-09-06 00:53:09,047]  Sending archive chunk rur2
server.py[LINE:40]# INFO     [2024-09-06 00:53:09,048]  Sending archive chunk rur2
server.py[LINE:40]# INFO     [2024-09-06 00:53:09,050]  Sending archive chunk rur2
server.py[LINE:40]# INFO     [2024-09-06 00:53:09,050]  Sending archive chunk rur2
server.py[LINE:40]# INFO     [2024-09-06 00:53:09,051]  Sending archive chunk rur2
server.py[LINE:40]# INFO     [2024-09-06 00:53:09,051]  Sending archive chunk rur2
server.py[LINE:40]# INFO     [2024-09-06 00:53:09,054]  Sending archive chunk rur2
server.py[LINE:40]# INFO     [2024-09-06 00:53:09,057]  Sending archive chunk rur2
server.py[LINE:40]# INFO     [2024-09-06 00:53:09,058]  Sending archive chunk rur2
server.py[LINE:40]# INFO     [2024-09-06 00:53:09,059]  Sending archive chunk rur2
server.py[LINE:40]# INFO     [2024-09-06 00:53:09,060]  Sending archive chunk rur2
server.py[LINE:40]# INFO     [2024-09-06 00:53:09,061]  Sending archive chunk rur2
server.py[LINE:40]# INFO     [2024-09-06 00:53:09,062]  Sending archive chunk rur2
server.py[LINE:40]# INFO     [2024-09-06 00:53:09,063]  Sending archive chunk rur2
web_log.py[LINE:211]# INFO     [2024-09-06 00:53:09,064]  127.0.0.1 [05/Sep/2024:23:53:08 -0800] "GET /archive/rur2/ HTTP/1.1" 200 1140044 "http://127.0.0.1:8080/" "Mozilla/5.0 (X11; Ubuntu; Linux x86_64; rv:130.0) Gecko/20100101 Firefox/130.0"
web_log.py[LINE:211]# INFO     [2024-09-06 00:54:25,178]  127.0.0.1 [05/Sep/2024:23:54:25 -0800] "GET / HTTP/1.1" 200 3978 "-" "Mozilla/5.0 (X11; Ubuntu; Linux x86_64; rv:130.0) Gecko/20100101 Firefox/130.0"
web_log.py[LINE:211]# INFO     [2024-09-06 00:54:25,438]  127.0.0.1 [05/Sep/2024:23:54:25 -0800] "GET /favicon.ico HTTP/1.1" 404 173 "http://0.0.0.0:8080/" "Mozilla/5.0 (X11; Ubuntu; Linux x86_64; rv:130.0) Gecko/20100101 Firefox/130.0"
server.py[LINE:41]# INFO     [2024-09-06 00:54:28,593]  Sending archive chunk 7kna
server.py[LINE:41]# INFO     [2024-09-06 00:54:28,594]  Sending archive chunk 7kna
server.py[LINE:41]# INFO     [2024-09-06 00:54:28,599]  Sending archive chunk 7kna
server.py[LINE:41]# INFO     [2024-09-06 00:54:28,600]  Sending archive chunk 7kna
server.py[LINE:41]# INFO     [2024-09-06 00:54:28,602]  Sending archive chunk 7kna
server.py[LINE:41]# INFO     [2024-09-06 00:54:28,604]  Sending archive chunk 7kna
server.py[LINE:41]# INFO     [2024-09-06 00:54:28,608]  Sending archive chunk 7kna
server.py[LINE:41]# INFO     [2024-09-06 00:54:28,609]  Sending archive chunk 7kna
server.py[LINE:41]# INFO     [2024-09-06 00:54:28,610]  Sending archive chunk 7kna
server.py[LINE:41]# INFO     [2024-09-06 00:54:28,610]  Sending archive chunk 7kna
server.py[LINE:41]# INFO     [2024-09-06 00:54:28,614]  Sending archive chunk 7kna
server.py[LINE:41]# INFO     [2024-09-06 00:54:28,617]  Sending archive chunk 7kna
server.py[LINE:41]# INFO     [2024-09-06 00:54:28,618]  Sending archive chunk 7kna
server.py[LINE:41]# INFO     [2024-09-06 00:54:28,620]  Sending archive chunk 7kna
server.py[LINE:41]# INFO     [2024-09-06 00:54:28,620]  Sending archive chunk 7kna
server.py[LINE:41]# INFO     [2024-09-06 00:54:28,623]  Sending archive chunk 7kna
server.py[LINE:41]# INFO     [2024-09-06 00:54:28,623]  Sending archive chunk 7kna
server.py[LINE:41]# INFO     [2024-09-06 00:54:28,625]  Sending archive chunk 7kna
server.py[LINE:41]# INFO     [2024-09-06 00:54:28,626]  Sending archive chunk 7kna
server.py[LINE:41]# INFO     [2024-09-06 00:54:28,628]  Sending archive chunk 7kna
server.py[LINE:41]# INFO     [2024-09-06 00:54:28,631]  Sending archive chunk 7kna
server.py[LINE:41]# INFO     [2024-09-06 00:54:28,633]  Sending archive chunk 7kna
server.py[LINE:41]# INFO     [2024-09-06 00:54:28,634]  Sending archive chunk 7kna
server.py[LINE:41]# INFO     [2024-09-06 00:54:28,636]  Sending archive chunk 7kna
server.py[LINE:41]# INFO     [2024-09-06 00:54:28,637]  Sending archive chunk 7kna
server.py[LINE:41]# INFO     [2024-09-06 00:54:28,640]  Sending archive chunk 7kna
server.py[LINE:41]# INFO     [2024-09-06 00:54:28,641]  Sending archive chunk 7kna
server.py[LINE:41]# INFO     [2024-09-06 00:54:28,644]  Sending archive chunk 7kna
server.py[LINE:41]# INFO     [2024-09-06 00:54:28,645]  Sending archive chunk 7kna
server.py[LINE:41]# INFO     [2024-09-06 00:54:28,658]  Sending archive chunk 7kna
server.py[LINE:41]# INFO     [2024-09-06 00:54:28,660]  Sending archive chunk 7kna
server.py[LINE:41]# INFO     [2024-09-06 00:54:28,670]  Sending archive chunk 7kna
server.py[LINE:41]# INFO     [2024-09-06 00:54:28,670]  Sending archive chunk 7kna
server.py[LINE:41]# INFO     [2024-09-06 00:54:28,675]  Sending archive chunk 7kna
server.py[LINE:41]# INFO     [2024-09-06 00:54:28,681]  Sending archive chunk 7kna
server.py[LINE:41]# INFO     [2024-09-06 00:54:28,682]  Sending archive chunk 7kna
server.py[LINE:41]# INFO     [2024-09-06 00:54:28,682]  Sending archive chunk 7kna
server.py[LINE:41]# INFO     [2024-09-06 00:54:28,684]  Sending archive chunk 7kna
server.py[LINE:41]# INFO     [2024-09-06 00:54:28,685]  Sending archive chunk 7kna
server.py[LINE:41]# INFO     [2024-09-06 00:54:28,687]  Sending archive chunk 7kna
server.py[LINE:41]# INFO     [2024-09-06 00:54:28,690]  Sending archive chunk 7kna
server.py[LINE:41]# INFO     [2024-09-06 00:54:28,693]  Sending archive chunk 7kna
server.py[LINE:41]# INFO     [2024-09-06 00:54:28,695]  Sending archive chunk 7kna
server.py[LINE:41]# INFO     [2024-09-06 00:54:28,698]  Sending archive chunk 7kna
server.py[LINE:41]# INFO     [2024-09-06 00:54:28,699]  Sending archive chunk 7kna
server.py[LINE:41]# INFO     [2024-09-06 00:54:28,703]  Sending archive chunk 7kna
server.py[LINE:41]# INFO     [2024-09-06 00:54:28,703]  Sending archive chunk 7kna
server.py[LINE:41]# INFO     [2024-09-06 00:54:28,707]  Sending archive chunk 7kna
server.py[LINE:41]# INFO     [2024-09-06 00:54:28,708]  Sending archive chunk 7kna
server.py[LINE:41]# INFO     [2024-09-06 00:54:28,711]  Sending archive chunk 7kna
server.py[LINE:41]# INFO     [2024-09-06 00:54:28,712]  Sending archive chunk 7kna
server.py[LINE:41]# INFO     [2024-09-06 00:54:28,713]  Sending archive chunk 7kna
server.py[LINE:41]# INFO     [2024-09-06 00:54:28,714]  Sending archive chunk 7kna
server.py[LINE:41]# INFO     [2024-09-06 00:54:28,714]  Sending archive chunk 7kna
server.py[LINE:41]# INFO     [2024-09-06 00:54:28,715]  Sending archive chunk 7kna
web_log.py[LINE:211]# INFO     [2024-09-06 00:54:28,717]  127.0.0.1 [05/Sep/2024:23:54:28 -0800] "GET /archive/7kna/ HTTP/1.1" 200 1131033 "http://0.0.0.0:8080/" "Mozilla/5.0 (X11; Ubuntu; Linux x86_64; rv:130.0) Gecko/20100101 Firefox/130.0"
server.py[LINE:41]# INFO     [2024-09-06 00:54:44,700]  Sending archive chunk rur2
server.py[LINE:41]# INFO     [2024-09-06 00:54:44,702]  Sending archive chunk rur2
server.py[LINE:41]# INFO     [2024-09-06 00:54:44,703]  Sending archive chunk rur2
server.py[LINE:41]# INFO     [2024-09-06 00:54:44,705]  Sending archive chunk rur2
server.py[LINE:41]# INFO     [2024-09-06 00:54:44,705]  Sending archive chunk rur2
server.py[LINE:41]# INFO     [2024-09-06 00:54:44,707]  Sending archive chunk rur2
server.py[LINE:41]# INFO     [2024-09-06 00:54:44,708]  Sending archive chunk rur2
server.py[LINE:41]# INFO     [2024-09-06 00:54:44,710]  Sending archive chunk rur2
server.py[LINE:41]# INFO     [2024-09-06 00:54:44,710]  Sending archive chunk rur2
server.py[LINE:41]# INFO     [2024-09-06 00:54:44,712]  Sending archive chunk rur2
server.py[LINE:41]# INFO     [2024-09-06 00:54:44,713]  Sending archive chunk rur2
server.py[LINE:41]# INFO     [2024-09-06 00:54:44,715]  Sending archive chunk rur2
server.py[LINE:41]# INFO     [2024-09-06 00:54:44,715]  Sending archive chunk rur2
server.py[LINE:41]# INFO     [2024-09-06 00:54:44,717]  Sending archive chunk rur2
server.py[LINE:41]# INFO     [2024-09-06 00:54:44,717]  Sending archive chunk rur2
server.py[LINE:41]# INFO     [2024-09-06 00:54:44,719]  Sending archive chunk rur2
server.py[LINE:41]# INFO     [2024-09-06 00:54:44,720]  Sending archive chunk rur2
server.py[LINE:41]# INFO     [2024-09-06 00:54:44,721]  Sending archive chunk rur2
server.py[LINE:41]# INFO     [2024-09-06 00:54:44,722]  Sending archive chunk rur2
server.py[LINE:41]# INFO     [2024-09-06 00:54:44,725]  Sending archive chunk rur2
server.py[LINE:41]# INFO     [2024-09-06 00:54:44,725]  Sending archive chunk rur2
server.py[LINE:41]# INFO     [2024-09-06 00:54:44,728]  Sending archive chunk rur2
server.py[LINE:41]# INFO     [2024-09-06 00:54:44,728]  Sending archive chunk rur2
server.py[LINE:41]# INFO     [2024-09-06 00:54:44,730]  Sending archive chunk rur2
server.py[LINE:41]# INFO     [2024-09-06 00:54:44,731]  Sending archive chunk rur2
server.py[LINE:41]# INFO     [2024-09-06 00:54:44,733]  Sending archive chunk rur2
server.py[LINE:41]# INFO     [2024-09-06 00:54:44,734]  Sending archive chunk rur2
server.py[LINE:41]# INFO     [2024-09-06 00:54:44,736]  Sending archive chunk rur2
server.py[LINE:41]# INFO     [2024-09-06 00:54:44,738]  Sending archive chunk rur2
server.py[LINE:41]# INFO     [2024-09-06 00:54:44,740]  Sending archive chunk rur2
server.py[LINE:41]# INFO     [2024-09-06 00:54:44,740]  Sending archive chunk rur2
server.py[LINE:41]# INFO     [2024-09-06 00:54:44,742]  Sending archive chunk rur2
server.py[LINE:41]# INFO     [2024-09-06 00:54:44,743]  Sending archive chunk rur2
server.py[LINE:41]# INFO     [2024-09-06 00:54:44,747]  Sending archive chunk rur2
server.py[LINE:41]# INFO     [2024-09-06 00:54:44,747]  Sending archive chunk rur2
server.py[LINE:41]# INFO     [2024-09-06 00:54:44,749]  Sending archive chunk rur2
server.py[LINE:41]# INFO     [2024-09-06 00:54:44,750]  Sending archive chunk rur2
server.py[LINE:41]# INFO     [2024-09-06 00:54:44,752]  Sending archive chunk rur2
server.py[LINE:41]# INFO     [2024-09-06 00:54:44,752]  Sending archive chunk rur2
server.py[LINE:41]# INFO     [2024-09-06 00:54:44,754]  Sending archive chunk rur2
server.py[LINE:41]# INFO     [2024-09-06 00:54:44,754]  Sending archive chunk rur2
server.py[LINE:41]# INFO     [2024-09-06 00:54:44,755]  Sending archive chunk rur2
server.py[LINE:41]# INFO     [2024-09-06 00:54:44,757]  Sending archive chunk rur2
server.py[LINE:41]# INFO     [2024-09-06 00:54:44,758]  Sending archive chunk rur2
server.py[LINE:41]# INFO     [2024-09-06 00:54:44,760]  Sending archive chunk rur2
server.py[LINE:41]# INFO     [2024-09-06 00:54:44,761]  Sending archive chunk rur2
server.py[LINE:41]# INFO     [2024-09-06 00:54:44,763]  Sending archive chunk rur2
server.py[LINE:41]# INFO     [2024-09-06 00:54:44,763]  Sending archive chunk rur2
server.py[LINE:41]# INFO     [2024-09-06 00:54:44,766]  Sending archive chunk rur2
server.py[LINE:41]# INFO     [2024-09-06 00:54:44,766]  Sending archive chunk rur2
server.py[LINE:41]# INFO     [2024-09-06 00:54:44,768]  Sending archive chunk rur2
server.py[LINE:41]# INFO     [2024-09-06 00:54:44,769]  Sending archive chunk rur2
server.py[LINE:41]# INFO     [2024-09-06 00:54:44,770]  Sending archive chunk rur2
server.py[LINE:41]# INFO     [2024-09-06 00:54:44,771]  Sending archive chunk rur2
server.py[LINE:41]# INFO     [2024-09-06 00:54:44,773]  Sending archive chunk rur2
server.py[LINE:41]# INFO     [2024-09-06 00:54:44,773]  Sending archive chunk rur2
server.py[LINE:41]# INFO     [2024-09-06 00:54:44,776]  Sending archive chunk rur2
server.py[LINE:41]# INFO     [2024-09-06 00:54:44,776]  Sending archive chunk rur2
server.py[LINE:41]# INFO     [2024-09-06 00:54:44,778]  Sending archive chunk rur2
server.py[LINE:41]# INFO     [2024-09-06 00:54:44,779]  Sending archive chunk rur2
server.py[LINE:41]# INFO     [2024-09-06 00:54:44,783]  Sending archive chunk rur2
server.py[LINE:41]# INFO     [2024-09-06 00:54:44,783]  Sending archive chunk rur2
server.py[LINE:41]# INFO     [2024-09-06 00:54:44,785]  Sending archive chunk rur2
server.py[LINE:41]# INFO     [2024-09-06 00:54:44,786]  Sending archive chunk rur2
server.py[LINE:41]# INFO     [2024-09-06 00:54:44,788]  Sending archive chunk rur2
server.py[LINE:41]# INFO     [2024-09-06 00:54:44,789]  Sending archive chunk rur2
server.py[LINE:41]# INFO     [2024-09-06 00:54:44,789]  Sending archive chunk rur2
server.py[LINE:41]# INFO     [2024-09-06 00:54:44,789]  Sending archive chunk rur2
web_log.py[LINE:211]# INFO     [2024-09-06 00:54:44,791]  127.0.0.1 [05/Sep/2024:23:54:44 -0800] "GET /archive/rur2/ HTTP/1.1" 200 1140196 "http://0.0.0.0:8080/" "Mozilla/5.0 (X11; Ubuntu; Linux x86_64; rv:130.0) Gecko/20100101 Firefox/130.0"
server.py[LINE:41]# INFO     [2024-09-06 00:55:04,097]  Sending archive chunk rur2
server.py[LINE:41]# INFO     [2024-09-06 00:55:04,101]  Sending archive chunk rur2
server.py[LINE:41]# INFO     [2024-09-06 00:55:04,107]  Sending archive chunk rur2
server.py[LINE:41]# INFO     [2024-09-06 00:55:04,108]  Sending archive chunk rur2
server.py[LINE:41]# INFO     [2024-09-06 00:55:04,109]  Sending archive chunk rur2
server.py[LINE:41]# INFO     [2024-09-06 00:55:04,111]  Sending archive chunk rur2
server.py[LINE:41]# INFO     [2024-09-06 00:55:04,112]  Sending archive chunk rur2
server.py[LINE:41]# INFO     [2024-09-06 00:55:04,114]  Sending archive chunk rur2
server.py[LINE:41]# INFO     [2024-09-06 00:55:04,115]  Sending archive chunk rur2
server.py[LINE:41]# INFO     [2024-09-06 00:55:04,117]  Sending archive chunk rur2
server.py[LINE:41]# INFO     [2024-09-06 00:55:04,118]  Sending archive chunk rur2
server.py[LINE:41]# INFO     [2024-09-06 00:55:04,119]  Sending archive chunk rur2
server.py[LINE:41]# INFO     [2024-09-06 00:55:04,120]  Sending archive chunk rur2
server.py[LINE:41]# INFO     [2024-09-06 00:55:04,122]  Sending archive chunk rur2
server.py[LINE:41]# INFO     [2024-09-06 00:55:04,123]  Sending archive chunk rur2
server.py[LINE:41]# INFO     [2024-09-06 00:55:04,126]  Sending archive chunk rur2
server.py[LINE:41]# INFO     [2024-09-06 00:55:04,129]  Sending archive chunk rur2
server.py[LINE:41]# INFO     [2024-09-06 00:55:04,133]  Sending archive chunk rur2
server.py[LINE:41]# INFO     [2024-09-06 00:55:04,134]  Sending archive chunk rur2
server.py[LINE:41]# INFO     [2024-09-06 00:55:04,136]  Sending archive chunk rur2
server.py[LINE:41]# INFO     [2024-09-06 00:55:04,137]  Sending archive chunk rur2
server.py[LINE:41]# INFO     [2024-09-06 00:55:04,139]  Sending archive chunk rur2
server.py[LINE:41]# INFO     [2024-09-06 00:55:04,139]  Sending archive chunk rur2
server.py[LINE:41]# INFO     [2024-09-06 00:55:04,143]  Sending archive chunk rur2
server.py[LINE:41]# INFO     [2024-09-06 00:55:04,144]  Sending archive chunk rur2
server.py[LINE:41]# INFO     [2024-09-06 00:55:04,146]  Sending archive chunk rur2
server.py[LINE:41]# INFO     [2024-09-06 00:55:04,146]  Sending archive chunk rur2
server.py[LINE:41]# INFO     [2024-09-06 00:55:04,148]  Sending archive chunk rur2
server.py[LINE:41]# INFO     [2024-09-06 00:55:04,149]  Sending archive chunk rur2
server.py[LINE:41]# INFO     [2024-09-06 00:55:04,151]  Sending archive chunk rur2
server.py[LINE:41]# INFO     [2024-09-06 00:55:04,152]  Sending archive chunk rur2
server.py[LINE:41]# INFO     [2024-09-06 00:55:04,154]  Sending archive chunk rur2
server.py[LINE:41]# INFO     [2024-09-06 00:55:04,155]  Sending archive chunk rur2
server.py[LINE:41]# INFO     [2024-09-06 00:55:04,157]  Sending archive chunk rur2
server.py[LINE:41]# INFO     [2024-09-06 00:55:04,157]  Sending archive chunk rur2
server.py[LINE:41]# INFO     [2024-09-06 00:55:04,160]  Sending archive chunk rur2
server.py[LINE:41]# INFO     [2024-09-06 00:55:04,162]  Sending archive chunk rur2
server.py[LINE:41]# INFO     [2024-09-06 00:55:04,163]  Sending archive chunk rur2
server.py[LINE:41]# INFO     [2024-09-06 00:55:04,166]  Sending archive chunk rur2
server.py[LINE:41]# INFO     [2024-09-06 00:55:04,168]  Sending archive chunk rur2
server.py[LINE:41]# INFO     [2024-09-06 00:55:04,168]  Sending archive chunk rur2
server.py[LINE:41]# INFO     [2024-09-06 00:55:04,170]  Sending archive chunk rur2
server.py[LINE:41]# INFO     [2024-09-06 00:55:04,172]  Sending archive chunk rur2
server.py[LINE:41]# INFO     [2024-09-06 00:55:04,172]  Sending archive chunk rur2
server.py[LINE:41]# INFO     [2024-09-06 00:55:04,174]  Sending archive chunk rur2
server.py[LINE:41]# INFO     [2024-09-06 00:55:04,176]  Sending archive chunk rur2
server.py[LINE:41]# INFO     [2024-09-06 00:55:04,179]  Sending archive chunk rur2
server.py[LINE:41]# INFO     [2024-09-06 00:55:04,179]  Sending archive chunk rur2
server.py[LINE:41]# INFO     [2024-09-06 00:55:04,184]  Sending archive chunk rur2
server.py[LINE:41]# INFO     [2024-09-06 00:55:04,185]  Sending archive chunk rur2
server.py[LINE:41]# INFO     [2024-09-06 00:55:04,186]  Sending archive chunk rur2
web_protocol.py[LINE:433]# ERROR    [2024-09-06 00:55:04,186]  Error handling request
Traceback (most recent call last):
  File "/home/vnetraffiqua/PycharmProjects/Photograbber/.venv/lib/python3.9/site-packages/aiohttp/web_protocol.py", line 462, in _handle_request
    resp = await request_handler(request)
  File "/home/vnetraffiqua/PycharmProjects/Photograbber/.venv/lib/python3.9/site-packages/aiohttp/web_app.py", line 537, in _handle
    resp = await handler(request)
  File "/home/vnetraffiqua/PycharmProjects/Photograbber/server.py", line 49, in archive
    proc.kill()
  File "/usr/lib/python3.9/asyncio/subprocess.py", line 144, in kill
    self._transport.kill()
  File "/usr/lib/python3.9/asyncio/base_subprocess.py", line 153, in kill
    self._check_proc()
  File "/usr/lib/python3.9/asyncio/base_subprocess.py", line 142, in _check_proc
    raise ProcessLookupError()
ProcessLookupError
